[debug] [2018-03-26T03:04:24.959Z] ----------------------------------------------------------------------
[debug] [2018-03-26T03:04:24.961Z] Command:       /usr/local/bin/node /usr/local/bin/firebase deploy --only functions
[debug] [2018-03-26T03:04:24.961Z] CLI Version:   3.17.7
[debug] [2018-03-26T03:04:24.961Z] Platform:      darwin
[debug] [2018-03-26T03:04:24.961Z] Node Version:  v8.9.4
[debug] [2018-03-26T03:04:24.962Z] Time:          Mon Mar 26 2018 14:04:24 GMT+1100 (AEDT)
[debug] [2018-03-26T03:04:24.962Z] ----------------------------------------------------------------------
[debug] 
[debug] [2018-03-26T03:04:24.971Z] > command requires scopes: ["email","openid","https://www.googleapis.com/auth/cloudplatformprojects.readonly","https://www.googleapis.com/auth/firebase","https://www.googleapis.com/auth/cloud-platform"]
[debug] [2018-03-26T03:04:24.971Z] > authorizing via signed-in user
[debug] [2018-03-26T03:04:24.973Z] >>> HTTP REQUEST GET https://admin.firebase.com/v1/projects/spacenow-bca9c  
  
 Mon Mar 26 2018 14:04:24 GMT+1100 (AEDT)
[debug] [2018-03-26T03:04:26.175Z] <<< HTTP RESPONSE 200
[debug] [2018-03-26T03:04:26.176Z] >>> HTTP REQUEST GET https://admin.firebase.com/v1/database/spacenow-bca9c/tokens  
  
 Mon Mar 26 2018 14:04:26 GMT+1100 (AEDT)
[debug] [2018-03-26T03:04:27.127Z] <<< HTTP RESPONSE 200
[info] 
[info] === Deploying to 'spacenow-bca9c'...
[info] 
[info] i  deploying functions
[debug] [2018-03-26T03:04:28.494Z] TypeError: Path must be a string. Received undefined
    at assertPath (path.js:28:11)
    at Object.join (path.js:1246:7)
    at Config.path (/usr/local/lib/node_modules/firebase-tools/lib/config.js:141:37)
    at /usr/local/lib/node_modules/firebase-tools/lib/deploy/lifecycleHooks.js:62:36
    at _chain (/usr/local/lib/node_modules/firebase-tools/lib/deploy/index.js:23:45)
    at deploy (/usr/local/lib/node_modules/firebase-tools/lib/deploy/index.js:76:10)
    at Command._action (/usr/local/lib/node_modules/firebase-tools/commands/deploy.js:47:12)
    at /usr/local/lib/node_modules/firebase-tools/lib/command.js:176:29
    at tryCatch (/usr/local/lib/node_modules/firebase-tools/node_modules/rsvp/dist/rsvp.js:525:12)
    at invokeCallback (/usr/local/lib/node_modules/firebase-tools/node_modules/rsvp/dist/rsvp.js:538:13)
[error] 
[error] Error: An unexpected error has occurred.
[debug] [2018-03-26T03:21:14.731Z] ----------------------------------------------------------------------
[debug] [2018-03-26T03:21:14.732Z] Command:       /usr/local/bin/node /usr/local/bin/firebase deploy --only functions
[debug] [2018-03-26T03:21:14.732Z] CLI Version:   3.17.7
[debug] [2018-03-26T03:21:14.732Z] Platform:      darwin
[debug] [2018-03-26T03:21:14.732Z] Node Version:  v8.9.4
[debug] [2018-03-26T03:21:14.733Z] Time:          Mon Mar 26 2018 14:21:14 GMT+1100 (AEDT)
[debug] [2018-03-26T03:21:14.733Z] ----------------------------------------------------------------------
[debug] 
[debug] [2018-03-26T03:21:14.756Z] > command requires scopes: ["email","openid","https://www.googleapis.com/auth/cloudplatformprojects.readonly","https://www.googleapis.com/auth/firebase","https://www.googleapis.com/auth/cloud-platform"]
[debug] [2018-03-26T03:21:14.756Z] > authorizing via signed-in user
[debug] [2018-03-26T03:21:14.757Z] >>> HTTP REQUEST GET https://admin.firebase.com/v1/projects/spacenow-bca9c  
  
 Mon Mar 26 2018 14:21:14 GMT+1100 (AEDT)
[debug] [2018-03-26T03:21:15.640Z] <<< HTTP RESPONSE 200
[debug] [2018-03-26T03:21:15.640Z] >>> HTTP REQUEST GET https://admin.firebase.com/v1/database/spacenow-bca9c/tokens  
  
 Mon Mar 26 2018 14:21:15 GMT+1100 (AEDT)
[debug] [2018-03-26T03:21:16.369Z] <<< HTTP RESPONSE 200
[info] 
[info] === Deploying to 'spacenow-bca9c'...
[info] 
[info] i  deploying functions
[debug] [2018-03-26T03:21:17.565Z] TypeError: Path must be a string. Received undefined
    at assertPath (path.js:28:11)
    at Object.join (path.js:1246:7)
    at Config.path (/usr/local/lib/node_modules/firebase-tools/lib/config.js:141:37)
    at /usr/local/lib/node_modules/firebase-tools/lib/deploy/lifecycleHooks.js:62:36
    at _chain (/usr/local/lib/node_modules/firebase-tools/lib/deploy/index.js:23:45)
    at deploy (/usr/local/lib/node_modules/firebase-tools/lib/deploy/index.js:76:10)
    at Command._action (/usr/local/lib/node_modules/firebase-tools/commands/deploy.js:47:12)
    at /usr/local/lib/node_modules/firebase-tools/lib/command.js:176:29
    at tryCatch (/usr/local/lib/node_modules/firebase-tools/node_modules/rsvp/dist/rsvp.js:525:12)
    at invokeCallback (/usr/local/lib/node_modules/firebase-tools/node_modules/rsvp/dist/rsvp.js:538:13)
[error] 
[error] Error: An unexpected error has occurred.
