[debug] [2018-04-26T02:55:59.527Z] ----------------------------------------------------------------------
[debug] [2018-04-26T02:55:59.529Z] Command:       /usr/local/bin/node /usr/local/bin/firebase deploy --only functions
[debug] [2018-04-26T02:55:59.529Z] CLI Version:   3.18.4
[debug] [2018-04-26T02:55:59.529Z] Platform:      darwin
[debug] [2018-04-26T02:55:59.529Z] Node Version:  v8.9.4
[debug] [2018-04-26T02:55:59.531Z] Time:          Thu Apr 26 2018 12:55:59 GMT+1000 (AEST)
[debug] [2018-04-26T02:55:59.531Z] ----------------------------------------------------------------------
[debug] 
[debug] [2018-04-26T02:55:59.550Z] > command requires scopes: ["email","openid","https://www.googleapis.com/auth/cloudplatformprojects.readonly","https://www.googleapis.com/auth/firebase","https://www.googleapis.com/auth/cloud-platform"]
[debug] [2018-04-26T02:55:59.550Z] > authorizing via signed-in user
[debug] [2018-04-26T02:55:59.551Z] >>> HTTP REQUEST GET https://admin.firebase.com/v1/projects/spacenow-bca9c  
  
 Thu Apr 26 2018 12:55:59 GMT+1000 (AEST)
[debug] [2018-04-26T02:56:00.734Z] <<< HTTP RESPONSE 200
[debug] [2018-04-26T02:56:00.734Z] >>> HTTP REQUEST GET https://admin.firebase.com/v1/database/spacenow-bca9c/tokens  
  
 Thu Apr 26 2018 12:56:00 GMT+1000 (AEST)
[debug] [2018-04-26T02:56:01.458Z] <<< HTTP RESPONSE 200
[info] 
[info] === Deploying to 'spacenow-bca9c'...
[info] 
[info] i  deploying functions
[info] Running command: npm --prefix "$RESOURCE_DIR" run build
[info] ✔  functions: Finished running predeploy script.
[debug] [2018-04-26T02:56:13.063Z] > [functions] package.json contents: {
  "name": "functions",
  "scripts": {
    "build": "tsc",
    "serve": "npm run build && firebase serve --only functions",
    "shell": "npm run build && firebase functions:shell",
    "start": "npm run shell",
    "deploy": "firebase deploy --only functions",
    "logs": "firebase functions:log"
  },
  "main": "lib/index.js",
  "dependencies": {
    "firebase-admin": "~5.12.0",
    "firebase-functions": "^1.0.1",
    "google-cloud": "^0.57.0",
    "html-pdf": "^2.2.0",
    "moment": "^2.22.1",
    "nodemailer": "^4.6.4",
    "swig-email-templates": "^5.0.1"
  },
  "devDependencies": {
    "typescript": "^2.5.3"
  },
  "private": true
}
[info] i  functions: ensuring necessary APIs are enabled...
[debug] [2018-04-26T02:56:13.064Z] >>> HTTP REQUEST GET https://servicemanagement.googleapis.com/v1/services/cloudfunctions.googleapis.com/projectSettings/spacenow-bca9c?view=CONSUMER_VIEW  
  
 Thu Apr 26 2018 12:56:13 GMT+1000 (AEST)
[debug] [2018-04-26T02:56:13.065Z] >>> HTTP REQUEST GET https://servicemanagement.googleapis.com/v1/services/runtimeconfig.googleapis.com/projectSettings/spacenow-bca9c?view=CONSUMER_VIEW  
  
 Thu Apr 26 2018 12:56:13 GMT+1000 (AEST)
[debug] [2018-04-26T02:56:14.621Z] <<< HTTP RESPONSE 200
[debug] [2018-04-26T02:56:14.637Z] <<< HTTP RESPONSE 200
[info] ✔  functions: all necessary APIs are enabled
[debug] [2018-04-26T02:56:14.638Z] >>> HTTP REQUEST GET https://cloudresourcemanager.googleapis.com/v1/projects/spacenow-bca9c  
  
 Thu Apr 26 2018 12:56:14 GMT+1000 (AEST)
[debug] [2018-04-26T02:56:15.948Z] <<< HTTP RESPONSE 200
[debug] [2018-04-26T02:56:15.948Z] >>> HTTP REQUEST GET https://mobilesdk-pa.googleapis.com/v1/projects/259396936923:getServerAppConfig  
  
 Thu Apr 26 2018 12:56:15 GMT+1000 (AEST)
[debug] [2018-04-26T02:56:16.787Z] <<< HTTP RESPONSE 200
[info] i  functions: preparing functions directory for uploading...
[debug] [2018-04-26T02:56:16.788Z] >>> HTTP REQUEST GET https://runtimeconfig.googleapis.com/v1beta1/projects/spacenow-bca9c/configs  
  
 Thu Apr 26 2018 12:56:16 GMT+1000 (AEST)
[debug] [2018-04-26T02:56:17.454Z] <<< HTTP RESPONSE 200
[debug] [2018-04-26T02:56:17.454Z] >>> HTTP REQUEST GET https://runtimeconfig.googleapis.com/v1beta1/projects/spacenow-bca9c/configs/gmail/variables  
  
 Thu Apr 26 2018 12:56:17 GMT+1000 (AEST)
[debug] [2018-04-26T02:56:17.812Z] <<< HTTP RESPONSE 200
[debug] [2018-04-26T02:56:17.812Z] >>> HTTP REQUEST GET https://runtimeconfig.googleapis.com/v1beta1/projects/spacenow-bca9c/configs/gmail/variables/email  
  
 Thu Apr 26 2018 12:56:17 GMT+1000 (AEST)
[debug] [2018-04-26T02:56:17.812Z] >>> HTTP REQUEST GET https://runtimeconfig.googleapis.com/v1beta1/projects/spacenow-bca9c/configs/gmail/variables/password  
  
 Thu Apr 26 2018 12:56:17 GMT+1000 (AEST)
[debug] [2018-04-26T02:56:18.183Z] <<< HTTP RESPONSE 200
[debug] [2018-04-26T02:56:18.275Z] <<< HTTP RESPONSE 200
[info] i  functions: packaged functions (159.88 KB) for uploading
[debug] [2018-04-26T02:56:32.406Z] >>> HTTP REQUEST POST https://cloudfunctions.googleapis.com/v1/projects/spacenow-bca9c/locations/us-central1/functions:generateUploadUrl  
  
 Thu Apr 26 2018 12:56:32 GMT+1000 (AEST)
[debug] [2018-04-26T02:56:32.929Z] <<< HTTP RESPONSE 200
[debug] [2018-04-26T02:56:32.929Z] >>> HTTP REQUEST PUT https://storage.googleapis.com/gcf-upload-us-central1-36a69c99-c839-46eb-bedf-a74f99f3ea5c/d32fe7ab-94f1-466b-b67e-350911e5f977.zip?GoogleAccessId=259396936923@cloudservices.gserviceaccount.com&Expires=1524713192&Signature=scyoojNaAou8lBHcbuKxSSYz%2FWngAG78CZlO4Y%2BQ%2FJK6rt1%2BVppYUNUOQ%2FP7oDDbBHKD1NWlpmWSAVAD%2FMn5bPTFPMR49mqnYwkXgNgjCVlyyUwTb19nLRc3wEbrMHXRcMiwiuvkJ3UC94wQTKG9s%2BN6h%2B6mYYNQm8Ijc1uZ77G7wJEXMhMzEL9b9XcHcrQhe0A1c%2BQKFpwjJm7AQN%2FUNK05Tm4u6RLtBuPPrYKElDBielDLThXTvm%2FqVfLxsGdAUdR2OQhFPhmkbkyLLOBLqwwDBbQhAHnCjSZp8B%2FXhHX0HyZI232Qu6tgAcURbNGo57%2Fpx7kEcwXBr3yjiLuOXA%3D%3D  
 ReadStream {
  _readableState: 
   ReadableState {
     objectMode: false,
     highWaterMark: 65536,
     buffer: BufferList { head: [Object], tail: [Object], length: 1 },
     length: 65536,
     pipes: null,
     pipesCount: 0,
     flowing: null,
     ended: false,
     endEmitted: false,
     reading: false,
     sync: false,
     needReadable: false,
     emittedReadable: true,
     readableListening: false,
     resumeScheduled: false,
     destroyed: false,
     defaultEncoding: 'utf8',
     awaitDrain: 0,
     readingMore: false,
     decoder: null,
     encoding: null },
  readable: true,
  domain: null,
  _events: { end: [Function] },
  _eventsCount: 1,
  _maxListeners: undefined,
  path: '/var/folders/pn/15m9k3410xb9554bs1t4p2040000gr/T/firebase-functions-3464YDbuj5E7jX51.zip',
  fd: 19,
  flags: 'r',
  mode: 438,
  start: undefined,
  end: undefined,
  autoClose: true,
  pos: undefined,
  bytesRead: 65536 } 
 Thu Apr 26 2018 12:56:32 GMT+1000 (AEST)
[debug] [2018-04-26T02:56:34.012Z] <<< HTTP RESPONSE 200
[info] ✔  functions: functions folder uploaded successfully
[debug] [2018-04-26T02:56:34.013Z] >>> HTTP REQUEST GET https://cloudfunctions.googleapis.com/v1/projects/spacenow-bca9c/locations/us-central1/functions  
  
 Thu Apr 26 2018 12:56:34 GMT+1000 (AEST)
[debug] [2018-04-26T02:56:34.455Z] <<< HTTP RESPONSE 200
[info] i  functions: updating function sendWelcomeEmail...
[debug] [2018-04-26T02:56:34.457Z] Trigger is:  {"eventTrigger":{"resource":"projects/spacenow-bca9c","eventType":"providers/firebase.auth/eventTypes/user.create","service":"firebaseauth.googleapis.com"}}
[info] i  functions: updating function createNewListing...
[debug] [2018-04-26T02:56:34.458Z] Trigger is:  {"eventTrigger":{"resource":"projects/spacenow-bca9c/databases/(default)/documents/listings/{id}","eventType":"providers/cloud.firestore/eventTypes/document.create","service":"firestore.googleapis.com"}}
[info] i  functions: updating function activeListing...
[debug] [2018-04-26T02:56:34.458Z] Trigger is:  {"eventTrigger":{"resource":"projects/spacenow-bca9c/databases/(default)/documents/listings/{id}","eventType":"providers/cloud.firestore/eventTypes/document.update","service":"firestore.googleapis.com"}}
[info] i  functions: updating function requestBooking...
[debug] [2018-04-26T02:56:34.458Z] Trigger is:  {"eventTrigger":{"resource":"projects/spacenow-bca9c/databases/(default)/documents/bookings/{id}","eventType":"providers/cloud.firestore/eventTypes/document.create","service":"firestore.googleapis.com"}}
[info] i  functions: updating function actionsBooking...
[debug] [2018-04-26T02:56:34.458Z] Trigger is:  {"eventTrigger":{"resource":"projects/spacenow-bca9c/databases/(default)/documents/bookings/{id}","eventType":"providers/cloud.firestore/eventTypes/document.update","service":"firestore.googleapis.com"}}
[debug] [2018-04-26T02:56:34.461Z] >>> HTTP REQUEST PATCH https://cloudfunctions.googleapis.com/v1/projects/spacenow-bca9c/locations/us-central1/functions/sendWelcomeEmail 
query params: {"updateMask":"sourceUploadUrl,name,labels,eventTrigger.resource,eventTrigger.eventType,eventTrigger.service"} 
 { sourceUploadUrl: 'https://storage.googleapis.com/gcf-upload-us-central1-36a69c99-c839-46eb-bedf-a74f99f3ea5c/d32fe7ab-94f1-466b-b67e-350911e5f977.zip?GoogleAccessId=259396936923@cloudservices.gserviceaccount.com&Expires=1524713192&Signature=scyoojNaAou8lBHcbuKxSSYz%2FWngAG78CZlO4Y%2BQ%2FJK6rt1%2BVppYUNUOQ%2FP7oDDbBHKD1NWlpmWSAVAD%2FMn5bPTFPMR49mqnYwkXgNgjCVlyyUwTb19nLRc3wEbrMHXRcMiwiuvkJ3UC94wQTKG9s%2BN6h%2B6mYYNQm8Ijc1uZ77G7wJEXMhMzEL9b9XcHcrQhe0A1c%2BQKFpwjJm7AQN%2FUNK05Tm4u6RLtBuPPrYKElDBielDLThXTvm%2FqVfLxsGdAUdR2OQhFPhmkbkyLLOBLqwwDBbQhAHnCjSZp8B%2FXhHX0HyZI232Qu6tgAcURbNGo57%2Fpx7kEcwXBr3yjiLuOXA%3D%3D',
  name: 'projects/spacenow-bca9c/locations/us-central1/functions/sendWelcomeEmail',
  labels: { 'deployment-tool': 'cli-firebase' },
  eventTrigger: 
   { resource: 'projects/spacenow-bca9c',
     eventType: 'providers/firebase.auth/eventTypes/user.create',
     service: 'firebaseauth.googleapis.com' } } 
 Thu Apr 26 2018 12:56:34 GMT+1000 (AEST)
[debug] [2018-04-26T02:56:34.462Z] >>> HTTP REQUEST PATCH https://cloudfunctions.googleapis.com/v1/projects/spacenow-bca9c/locations/us-central1/functions/createNewListing 
query params: {"updateMask":"sourceUploadUrl,name,labels,eventTrigger.resource,eventTrigger.eventType,eventTrigger.service"} 
 { sourceUploadUrl: 'https://storage.googleapis.com/gcf-upload-us-central1-36a69c99-c839-46eb-bedf-a74f99f3ea5c/d32fe7ab-94f1-466b-b67e-350911e5f977.zip?GoogleAccessId=259396936923@cloudservices.gserviceaccount.com&Expires=1524713192&Signature=scyoojNaAou8lBHcbuKxSSYz%2FWngAG78CZlO4Y%2BQ%2FJK6rt1%2BVppYUNUOQ%2FP7oDDbBHKD1NWlpmWSAVAD%2FMn5bPTFPMR49mqnYwkXgNgjCVlyyUwTb19nLRc3wEbrMHXRcMiwiuvkJ3UC94wQTKG9s%2BN6h%2B6mYYNQm8Ijc1uZ77G7wJEXMhMzEL9b9XcHcrQhe0A1c%2BQKFpwjJm7AQN%2FUNK05Tm4u6RLtBuPPrYKElDBielDLThXTvm%2FqVfLxsGdAUdR2OQhFPhmkbkyLLOBLqwwDBbQhAHnCjSZp8B%2FXhHX0HyZI232Qu6tgAcURbNGo57%2Fpx7kEcwXBr3yjiLuOXA%3D%3D',
  name: 'projects/spacenow-bca9c/locations/us-central1/functions/createNewListing',
  labels: { 'deployment-tool': 'cli-firebase' },
  eventTrigger: 
   { resource: 'projects/spacenow-bca9c/databases/(default)/documents/listings/{id}',
     eventType: 'providers/cloud.firestore/eventTypes/document.create',
     service: 'firestore.googleapis.com' } } 
 Thu Apr 26 2018 12:56:34 GMT+1000 (AEST)
[debug] [2018-04-26T02:56:34.463Z] >>> HTTP REQUEST PATCH https://cloudfunctions.googleapis.com/v1/projects/spacenow-bca9c/locations/us-central1/functions/activeListing 
query params: {"updateMask":"sourceUploadUrl,name,labels,eventTrigger.resource,eventTrigger.eventType,eventTrigger.service"} 
 { sourceUploadUrl: 'https://storage.googleapis.com/gcf-upload-us-central1-36a69c99-c839-46eb-bedf-a74f99f3ea5c/d32fe7ab-94f1-466b-b67e-350911e5f977.zip?GoogleAccessId=259396936923@cloudservices.gserviceaccount.com&Expires=1524713192&Signature=scyoojNaAou8lBHcbuKxSSYz%2FWngAG78CZlO4Y%2BQ%2FJK6rt1%2BVppYUNUOQ%2FP7oDDbBHKD1NWlpmWSAVAD%2FMn5bPTFPMR49mqnYwkXgNgjCVlyyUwTb19nLRc3wEbrMHXRcMiwiuvkJ3UC94wQTKG9s%2BN6h%2B6mYYNQm8Ijc1uZ77G7wJEXMhMzEL9b9XcHcrQhe0A1c%2BQKFpwjJm7AQN%2FUNK05Tm4u6RLtBuPPrYKElDBielDLThXTvm%2FqVfLxsGdAUdR2OQhFPhmkbkyLLOBLqwwDBbQhAHnCjSZp8B%2FXhHX0HyZI232Qu6tgAcURbNGo57%2Fpx7kEcwXBr3yjiLuOXA%3D%3D',
  name: 'projects/spacenow-bca9c/locations/us-central1/functions/activeListing',
  labels: { 'deployment-tool': 'cli-firebase' },
  eventTrigger: 
   { resource: 'projects/spacenow-bca9c/databases/(default)/documents/listings/{id}',
     eventType: 'providers/cloud.firestore/eventTypes/document.update',
     service: 'firestore.googleapis.com' } } 
 Thu Apr 26 2018 12:56:34 GMT+1000 (AEST)
[debug] [2018-04-26T02:56:34.463Z] >>> HTTP REQUEST PATCH https://cloudfunctions.googleapis.com/v1/projects/spacenow-bca9c/locations/us-central1/functions/requestBooking 
query params: {"updateMask":"sourceUploadUrl,name,labels,eventTrigger.resource,eventTrigger.eventType,eventTrigger.service"} 
 { sourceUploadUrl: 'https://storage.googleapis.com/gcf-upload-us-central1-36a69c99-c839-46eb-bedf-a74f99f3ea5c/d32fe7ab-94f1-466b-b67e-350911e5f977.zip?GoogleAccessId=259396936923@cloudservices.gserviceaccount.com&Expires=1524713192&Signature=scyoojNaAou8lBHcbuKxSSYz%2FWngAG78CZlO4Y%2BQ%2FJK6rt1%2BVppYUNUOQ%2FP7oDDbBHKD1NWlpmWSAVAD%2FMn5bPTFPMR49mqnYwkXgNgjCVlyyUwTb19nLRc3wEbrMHXRcMiwiuvkJ3UC94wQTKG9s%2BN6h%2B6mYYNQm8Ijc1uZ77G7wJEXMhMzEL9b9XcHcrQhe0A1c%2BQKFpwjJm7AQN%2FUNK05Tm4u6RLtBuPPrYKElDBielDLThXTvm%2FqVfLxsGdAUdR2OQhFPhmkbkyLLOBLqwwDBbQhAHnCjSZp8B%2FXhHX0HyZI232Qu6tgAcURbNGo57%2Fpx7kEcwXBr3yjiLuOXA%3D%3D',
  name: 'projects/spacenow-bca9c/locations/us-central1/functions/requestBooking',
  labels: { 'deployment-tool': 'cli-firebase' },
  eventTrigger: 
   { resource: 'projects/spacenow-bca9c/databases/(default)/documents/bookings/{id}',
     eventType: 'providers/cloud.firestore/eventTypes/document.create',
     service: 'firestore.googleapis.com' } } 
 Thu Apr 26 2018 12:56:34 GMT+1000 (AEST)
[debug] [2018-04-26T02:56:34.463Z] >>> HTTP REQUEST PATCH https://cloudfunctions.googleapis.com/v1/projects/spacenow-bca9c/locations/us-central1/functions/actionsBooking 
query params: {"updateMask":"sourceUploadUrl,name,labels,eventTrigger.resource,eventTrigger.eventType,eventTrigger.service"} 
 { sourceUploadUrl: 'https://storage.googleapis.com/gcf-upload-us-central1-36a69c99-c839-46eb-bedf-a74f99f3ea5c/d32fe7ab-94f1-466b-b67e-350911e5f977.zip?GoogleAccessId=259396936923@cloudservices.gserviceaccount.com&Expires=1524713192&Signature=scyoojNaAou8lBHcbuKxSSYz%2FWngAG78CZlO4Y%2BQ%2FJK6rt1%2BVppYUNUOQ%2FP7oDDbBHKD1NWlpmWSAVAD%2FMn5bPTFPMR49mqnYwkXgNgjCVlyyUwTb19nLRc3wEbrMHXRcMiwiuvkJ3UC94wQTKG9s%2BN6h%2B6mYYNQm8Ijc1uZ77G7wJEXMhMzEL9b9XcHcrQhe0A1c%2BQKFpwjJm7AQN%2FUNK05Tm4u6RLtBuPPrYKElDBielDLThXTvm%2FqVfLxsGdAUdR2OQhFPhmkbkyLLOBLqwwDBbQhAHnCjSZp8B%2FXhHX0HyZI232Qu6tgAcURbNGo57%2Fpx7kEcwXBr3yjiLuOXA%3D%3D',
  name: 'projects/spacenow-bca9c/locations/us-central1/functions/actionsBooking',
  labels: { 'deployment-tool': 'cli-firebase' },
  eventTrigger: 
   { resource: 'projects/spacenow-bca9c/databases/(default)/documents/bookings/{id}',
     eventType: 'providers/cloud.firestore/eventTypes/document.update',
     service: 'firestore.googleapis.com' } } 
 Thu Apr 26 2018 12:56:34 GMT+1000 (AEST)
[debug] [2018-04-26T02:56:35.056Z] <<< HTTP RESPONSE 200
[debug] [2018-04-26T02:56:35.065Z] <<< HTTP RESPONSE 200
[debug] [2018-04-26T02:56:35.093Z] <<< HTTP RESPONSE 200
[debug] [2018-04-26T02:56:35.247Z] <<< HTTP RESPONSE 200
[debug] [2018-04-26T02:56:35.267Z] <<< HTTP RESPONSE 200
[debug] [2018-04-26T02:56:35.268Z] >>> HTTP REQUEST GET https://cloudfunctions.googleapis.com/v1/operations/c3BhY2Vub3ctYmNhOWMvdXMtY2VudHJhbDEvc2VuZFdlbGNvbWVFbWFpbC94VkF4VURGRTJlMA  
  
 Thu Apr 26 2018 12:56:35 GMT+1000 (AEST)
[debug] [2018-04-26T02:56:35.268Z] >>> HTTP REQUEST GET https://cloudfunctions.googleapis.com/v1/operations/c3BhY2Vub3ctYmNhOWMvdXMtY2VudHJhbDEvY3JlYXRlTmV3TGlzdGluZy9PMUhXV1BOVzBtRQ  
  
 Thu Apr 26 2018 12:56:35 GMT+1000 (AEST)
[debug] [2018-04-26T02:56:35.268Z] >>> HTTP REQUEST GET https://cloudfunctions.googleapis.com/v1/operations/c3BhY2Vub3ctYmNhOWMvdXMtY2VudHJhbDEvYWN0aXZlTGlzdGluZy9jYjBGektrQm0tOA  
  
 Thu Apr 26 2018 12:56:35 GMT+1000 (AEST)
[debug] [2018-04-26T02:56:35.268Z] >>> HTTP REQUEST GET https://cloudfunctions.googleapis.com/v1/operations/c3BhY2Vub3ctYmNhOWMvdXMtY2VudHJhbDEvcmVxdWVzdEJvb2tpbmcvb2RGcDd6Rm1qbTQ  
  
 Thu Apr 26 2018 12:56:35 GMT+1000 (AEST)
[debug] [2018-04-26T02:56:35.269Z] >>> HTTP REQUEST GET https://cloudfunctions.googleapis.com/v1/operations/c3BhY2Vub3ctYmNhOWMvdXMtY2VudHJhbDEvYWN0aW9uc0Jvb2tpbmcvXzVuVFo5dnJHZWs  
  
 Thu Apr 26 2018 12:56:35 GMT+1000 (AEST)
[debug] [2018-04-26T02:56:35.630Z] <<< HTTP RESPONSE 200
[debug] [2018-04-26T02:56:35.639Z] <<< HTTP RESPONSE 200
[debug] [2018-04-26T02:56:35.640Z] <<< HTTP RESPONSE 200
[debug] [2018-04-26T02:56:35.641Z] <<< HTTP RESPONSE 200
[debug] [2018-04-26T02:56:35.641Z] <<< HTTP RESPONSE 200
[debug] [2018-04-26T02:56:37.631Z] >>> HTTP REQUEST GET https://cloudfunctions.googleapis.com/v1/operations/c3BhY2Vub3ctYmNhOWMvdXMtY2VudHJhbDEvY3JlYXRlTmV3TGlzdGluZy9PMUhXV1BOVzBtRQ  
  
 Thu Apr 26 2018 12:56:37 GMT+1000 (AEST)
[debug] [2018-04-26T02:56:37.639Z] >>> HTTP REQUEST GET https://cloudfunctions.googleapis.com/v1/operations/c3BhY2Vub3ctYmNhOWMvdXMtY2VudHJhbDEvc2VuZFdlbGNvbWVFbWFpbC94VkF4VURGRTJlMA  
  
 Thu Apr 26 2018 12:56:37 GMT+1000 (AEST)
[debug] [2018-04-26T02:56:37.640Z] >>> HTTP REQUEST GET https://cloudfunctions.googleapis.com/v1/operations/c3BhY2Vub3ctYmNhOWMvdXMtY2VudHJhbDEvYWN0aXZlTGlzdGluZy9jYjBGektrQm0tOA  
  
 Thu Apr 26 2018 12:56:37 GMT+1000 (AEST)
[debug] [2018-04-26T02:56:37.642Z] >>> HTTP REQUEST GET https://cloudfunctions.googleapis.com/v1/operations/c3BhY2Vub3ctYmNhOWMvdXMtY2VudHJhbDEvYWN0aW9uc0Jvb2tpbmcvXzVuVFo5dnJHZWs  
  
 Thu Apr 26 2018 12:56:37 GMT+1000 (AEST)
[debug] [2018-04-26T02:56:37.642Z] >>> HTTP REQUEST GET https://cloudfunctions.googleapis.com/v1/operations/c3BhY2Vub3ctYmNhOWMvdXMtY2VudHJhbDEvcmVxdWVzdEJvb2tpbmcvb2RGcDd6Rm1qbTQ  
  
 Thu Apr 26 2018 12:56:37 GMT+1000 (AEST)
[debug] [2018-04-26T02:56:38.042Z] <<< HTTP RESPONSE 200
[debug] [2018-04-26T02:56:38.042Z] <<< HTTP RESPONSE 200
[debug] [2018-04-26T02:56:38.042Z] <<< HTTP RESPONSE 200
[debug] [2018-04-26T02:56:38.043Z] <<< HTTP RESPONSE 200
[debug] [2018-04-26T02:56:38.043Z] <<< HTTP RESPONSE 200
[debug] [2018-04-26T02:56:40.047Z] >>> HTTP REQUEST GET https://cloudfunctions.googleapis.com/v1/operations/c3BhY2Vub3ctYmNhOWMvdXMtY2VudHJhbDEvYWN0aXZlTGlzdGluZy9jYjBGektrQm0tOA  
  
 Thu Apr 26 2018 12:56:40 GMT+1000 (AEST)
[debug] [2018-04-26T02:56:40.047Z] >>> HTTP REQUEST GET https://cloudfunctions.googleapis.com/v1/operations/c3BhY2Vub3ctYmNhOWMvdXMtY2VudHJhbDEvc2VuZFdlbGNvbWVFbWFpbC94VkF4VURGRTJlMA  
  
 Thu Apr 26 2018 12:56:40 GMT+1000 (AEST)
[debug] [2018-04-26T02:56:40.047Z] >>> HTTP REQUEST GET https://cloudfunctions.googleapis.com/v1/operations/c3BhY2Vub3ctYmNhOWMvdXMtY2VudHJhbDEvYWN0aW9uc0Jvb2tpbmcvXzVuVFo5dnJHZWs  
  
 Thu Apr 26 2018 12:56:40 GMT+1000 (AEST)
[debug] [2018-04-26T02:56:40.047Z] >>> HTTP REQUEST GET https://cloudfunctions.googleapis.com/v1/operations/c3BhY2Vub3ctYmNhOWMvdXMtY2VudHJhbDEvcmVxdWVzdEJvb2tpbmcvb2RGcDd6Rm1qbTQ  
  
 Thu Apr 26 2018 12:56:40 GMT+1000 (AEST)
[debug] [2018-04-26T02:56:40.048Z] >>> HTTP REQUEST GET https://cloudfunctions.googleapis.com/v1/operations/c3BhY2Vub3ctYmNhOWMvdXMtY2VudHJhbDEvY3JlYXRlTmV3TGlzdGluZy9PMUhXV1BOVzBtRQ  
  
 Thu Apr 26 2018 12:56:40 GMT+1000 (AEST)
[debug] [2018-04-26T02:56:40.407Z] <<< HTTP RESPONSE 200
[debug] [2018-04-26T02:56:40.414Z] <<< HTTP RESPONSE 200
[debug] [2018-04-26T02:56:40.414Z] <<< HTTP RESPONSE 200
[debug] [2018-04-26T02:56:40.416Z] <<< HTTP RESPONSE 200
[debug] [2018-04-26T02:56:40.416Z] <<< HTTP RESPONSE 200
[debug] [2018-04-26T02:56:42.409Z] >>> HTTP REQUEST GET https://cloudfunctions.googleapis.com/v1/operations/c3BhY2Vub3ctYmNhOWMvdXMtY2VudHJhbDEvc2VuZFdlbGNvbWVFbWFpbC94VkF4VURGRTJlMA  
  
 Thu Apr 26 2018 12:56:42 GMT+1000 (AEST)
[debug] [2018-04-26T02:56:42.414Z] >>> HTTP REQUEST GET https://cloudfunctions.googleapis.com/v1/operations/c3BhY2Vub3ctYmNhOWMvdXMtY2VudHJhbDEvYWN0aXZlTGlzdGluZy9jYjBGektrQm0tOA  
  
 Thu Apr 26 2018 12:56:42 GMT+1000 (AEST)
[debug] [2018-04-26T02:56:42.415Z] >>> HTTP REQUEST GET https://cloudfunctions.googleapis.com/v1/operations/c3BhY2Vub3ctYmNhOWMvdXMtY2VudHJhbDEvcmVxdWVzdEJvb2tpbmcvb2RGcDd6Rm1qbTQ  
  
 Thu Apr 26 2018 12:56:42 GMT+1000 (AEST)
[debug] [2018-04-26T02:56:42.416Z] >>> HTTP REQUEST GET https://cloudfunctions.googleapis.com/v1/operations/c3BhY2Vub3ctYmNhOWMvdXMtY2VudHJhbDEvYWN0aW9uc0Jvb2tpbmcvXzVuVFo5dnJHZWs  
  
 Thu Apr 26 2018 12:56:42 GMT+1000 (AEST)
[debug] [2018-04-26T02:56:42.416Z] >>> HTTP REQUEST GET https://cloudfunctions.googleapis.com/v1/operations/c3BhY2Vub3ctYmNhOWMvdXMtY2VudHJhbDEvY3JlYXRlTmV3TGlzdGluZy9PMUhXV1BOVzBtRQ  
  
 Thu Apr 26 2018 12:56:42 GMT+1000 (AEST)
[debug] [2018-04-26T02:56:42.763Z] <<< HTTP RESPONSE 200
[debug] [2018-04-26T02:56:42.768Z] <<< HTTP RESPONSE 200
[debug] [2018-04-26T02:56:42.768Z] <<< HTTP RESPONSE 200
[debug] [2018-04-26T02:56:42.773Z] <<< HTTP RESPONSE 200
[debug] [2018-04-26T02:56:42.921Z] <<< HTTP RESPONSE 200
[debug] [2018-04-26T02:56:44.769Z] >>> HTTP REQUEST GET https://cloudfunctions.googleapis.com/v1/operations/c3BhY2Vub3ctYmNhOWMvdXMtY2VudHJhbDEvY3JlYXRlTmV3TGlzdGluZy9PMUhXV1BOVzBtRQ  
  
 Thu Apr 26 2018 12:56:44 GMT+1000 (AEST)
[debug] [2018-04-26T02:56:44.769Z] >>> HTTP REQUEST GET https://cloudfunctions.googleapis.com/v1/operations/c3BhY2Vub3ctYmNhOWMvdXMtY2VudHJhbDEvc2VuZFdlbGNvbWVFbWFpbC94VkF4VURGRTJlMA  
  
 Thu Apr 26 2018 12:56:44 GMT+1000 (AEST)
[debug] [2018-04-26T02:56:44.769Z] >>> HTTP REQUEST GET https://cloudfunctions.googleapis.com/v1/operations/c3BhY2Vub3ctYmNhOWMvdXMtY2VudHJhbDEvYWN0aXZlTGlzdGluZy9jYjBGektrQm0tOA  
  
 Thu Apr 26 2018 12:56:44 GMT+1000 (AEST)
[debug] [2018-04-26T02:56:44.774Z] >>> HTTP REQUEST GET https://cloudfunctions.googleapis.com/v1/operations/c3BhY2Vub3ctYmNhOWMvdXMtY2VudHJhbDEvYWN0aW9uc0Jvb2tpbmcvXzVuVFo5dnJHZWs  
  
 Thu Apr 26 2018 12:56:44 GMT+1000 (AEST)
[debug] [2018-04-26T02:56:44.926Z] >>> HTTP REQUEST GET https://cloudfunctions.googleapis.com/v1/operations/c3BhY2Vub3ctYmNhOWMvdXMtY2VudHJhbDEvcmVxdWVzdEJvb2tpbmcvb2RGcDd6Rm1qbTQ  
  
 Thu Apr 26 2018 12:56:44 GMT+1000 (AEST)
[debug] [2018-04-26T02:56:45.118Z] <<< HTTP RESPONSE 200
[debug] [2018-04-26T02:56:45.119Z] <<< HTTP RESPONSE 200
[debug] [2018-04-26T02:56:45.119Z] <<< HTTP RESPONSE 200
[debug] [2018-04-26T02:56:45.132Z] <<< HTTP RESPONSE 200
[debug] [2018-04-26T02:56:45.270Z] <<< HTTP RESPONSE 200
[debug] [2018-04-26T02:56:47.119Z] >>> HTTP REQUEST GET https://cloudfunctions.googleapis.com/v1/operations/c3BhY2Vub3ctYmNhOWMvdXMtY2VudHJhbDEvYWN0aW9uc0Jvb2tpbmcvXzVuVFo5dnJHZWs  
  
 Thu Apr 26 2018 12:56:47 GMT+1000 (AEST)
[debug] [2018-04-26T02:56:47.120Z] >>> HTTP REQUEST GET https://cloudfunctions.googleapis.com/v1/operations/c3BhY2Vub3ctYmNhOWMvdXMtY2VudHJhbDEvY3JlYXRlTmV3TGlzdGluZy9PMUhXV1BOVzBtRQ  
  
 Thu Apr 26 2018 12:56:47 GMT+1000 (AEST)
[debug] [2018-04-26T02:56:47.120Z] >>> HTTP REQUEST GET https://cloudfunctions.googleapis.com/v1/operations/c3BhY2Vub3ctYmNhOWMvdXMtY2VudHJhbDEvYWN0aXZlTGlzdGluZy9jYjBGektrQm0tOA  
  
 Thu Apr 26 2018 12:56:47 GMT+1000 (AEST)
[debug] [2018-04-26T02:56:47.132Z] >>> HTTP REQUEST GET https://cloudfunctions.googleapis.com/v1/operations/c3BhY2Vub3ctYmNhOWMvdXMtY2VudHJhbDEvc2VuZFdlbGNvbWVFbWFpbC94VkF4VURGRTJlMA  
  
 Thu Apr 26 2018 12:56:47 GMT+1000 (AEST)
[debug] [2018-04-26T02:56:47.271Z] >>> HTTP REQUEST GET https://cloudfunctions.googleapis.com/v1/operations/c3BhY2Vub3ctYmNhOWMvdXMtY2VudHJhbDEvcmVxdWVzdEJvb2tpbmcvb2RGcDd6Rm1qbTQ  
  
 Thu Apr 26 2018 12:56:47 GMT+1000 (AEST)
[debug] [2018-04-26T02:56:47.467Z] <<< HTTP RESPONSE 200
[debug] [2018-04-26T02:56:47.472Z] <<< HTTP RESPONSE 200
[debug] [2018-04-26T02:56:47.472Z] <<< HTTP RESPONSE 200
[debug] [2018-04-26T02:56:47.472Z] <<< HTTP RESPONSE 200
[debug] [2018-04-26T02:56:47.757Z] <<< HTTP RESPONSE 200
